Java/AerisDemo/build/intermediates/manifest_merge_blame_file/debug/manifest-merger-blame-debug-report.txt
1<?xml version="1.0" encoding="utf-8"?>
2<manifest xmlns:android="http://schemas.android.com/apk/res/android"
3    package="com.xweather.sdkdemo.java.demoaerisproject.debug"
4    android:versionCode="13"
5    android:versionName="2.8.1" >
6
7    <uses-sdk
8        android:minSdkVersion="26"
8-->Java/AerisDemo/AndroidManifest.xml
9        android:targetSdkVersion="33" />
9-->Java/AerisDemo/AndroidManifest.xml
10
11    <uses-permission android:name="android.permission.INTERNET" />
11-->Java/AerisDemo/AndroidManifest.xml:5:5-66
11-->Java/AerisDemo/AndroidManifest.xml:5:22-64
12    <uses-permission android:name="android.permission.ACCESS_NETWORK_STATE" />
12-->Java/AerisDemo/AndroidManifest.xml:6:5-78
12-->Java/AerisDemo/AndroidManifest.xml:6:22-76
13    <uses-permission android:name="android.permission.ACCESS_WIFI_STATE" />
13-->Java/AerisDemo/AndroidManifest.xml:7:5-75
13-->Java/AerisDemo/AndroidManifest.xml:7:22-73
14    <uses-permission android:name="android.permission.ACCESS_COURSE_LOCATION" />
14-->Java/AerisDemo/AndroidManifest.xml:8:5-80
14-->Java/AerisDemo/AndroidManifest.xml:8:22-78
15    <uses-permission android:name="android.permission.ACCESS_FINE_LOCATION" />
15-->Java/AerisDemo/AndroidManifest.xml:9:5-78
15-->Java/AerisDemo/AndroidManifest.xml:9:22-76
16    <uses-permission android:name="android.permission.RECEIVE_BOOT_COMPLETED" />
16-->Java/AerisDemo/AndroidManifest.xml:10:5-80
16-->Java/AerisDemo/AndroidManifest.xml:10:22-78
17    <uses-permission android:name="android.permission.POST_NOTIFICATIONS" />
17-->Java/AerisDemo/AndroidManifest.xml:11:5-77
17-->Java/AerisDemo/AndroidManifest.xml:11:22-74
18    <uses-permission android:name="android.permission.WRITE_EXTERNAL_STORAGE" />
18-->Java/AerisDemo/AndroidManifest.xml:12:5-80
18-->Java/AerisDemo/AndroidManifest.xml:12:22-78
19    <uses-permission android:name="android.permission.READ_EXTERNAL_STORAGE" />
19-->Java/AerisDemo/AndroidManifest.xml:13:5-79
19-->Java/AerisDemo/AndroidManifest.xml:13:22-77
20
21    <uses-feature
21-->[com.google.android.gms:play-services-maps:18.0.2] AndroidManifest.xml:26:5-28:35
22        android:glEsVersion="0x00020000"
22-->[com.google.android.gms:play-services-maps:18.0.2] AndroidManifest.xml:27:9-41
23        android:required="true" />
23-->[com.google.android.gms:play-services-maps:18.0.2] AndroidManifest.xml:28:9-32
24
25    <queries>
25-->[com.google.android.gms:play-services-maps:18.0.2] AndroidManifest.xml:30:5-34:15
26
27        <!-- Needs to be explicitly declared on Android R+ -->
28        <package android:name="com.google.android.apps.maps" />
28-->[com.google.android.gms:play-services-maps:18.0.2] AndroidManifest.xml:33:9-64
28-->[com.google.android.gms:play-services-maps:18.0.2] AndroidManifest.xml:33:18-61
29    </queries>
30
31    <application
31-->Java/AerisDemo/AndroidManifest.xml:15:5-64:19
32        android:name="com.xweather.sdkdemo.java.demoaerisproject.BaseApplication"
32-->Java/AerisDemo/AndroidManifest.xml:16:9-40
33        android:appComponentFactory="androidx.core.app.CoreComponentFactory"
33-->[androidx.core:core:1.7.0] AndroidManifest.xml:24:18-86
34        android:debuggable="true"
35        android:extractNativeLibs="false"
36        android:icon="@drawable/aerislogo"
36-->Java/AerisDemo/AndroidManifest.xml:17:9-43
37        android:label="@string/app_name"
37-->Java/AerisDemo/AndroidManifest.xml:18:9-41
38        android:theme="@style/AppTheme" >
38-->Java/AerisDemo/AndroidManifest.xml:19:9-40
39
40        <!-- android:allowBackup="false" > -->
41        <!-- USED FOR DEBUGGING, ALLOWS PREF DEL ON UNINSTALL -->
42        <meta-data
42-->Java/AerisDemo/AndroidManifest.xml:21:9-23:54
43            android:name="com.google.android.geo.API_KEY"
43-->Java/AerisDemo/AndroidManifest.xml:22:13-58
44            android:value="@string/google_maps_key" />
44-->Java/AerisDemo/AndroidManifest.xml:23:13-52
45
46        <service
46-->Java/AerisDemo/AndroidManifest.xml:25:9-27:37
47            android:name="com.xweather.sdkdemo.java.service.NotificationService"
47-->Java/AerisDemo/AndroidManifest.xml:26:13-81
48            android:enabled="true" />
48-->Java/AerisDemo/AndroidManifest.xml:27:13-35
49        <service
49-->Java/AerisDemo/AndroidManifest.xml:29:9-31:37
50            android:name="com.xweather.sdkdemo.java.service.ScreenOnService"
50-->Java/AerisDemo/AndroidManifest.xml:30:13-77
51            android:enabled="true" />
51-->Java/AerisDemo/AndroidManifest.xml:31:13-35
52        <service
52-->Java/AerisDemo/AndroidManifest.xml:33:9-35:15
53            android:name="com.xweather.sdkdemo.java.service.NotificationJobService"
53-->Java/AerisDemo/AndroidManifest.xml:33:18-89
54            android:permission="android.permission.BIND_JOB_SERVICE" />
54-->Java/AerisDemo/AndroidManifest.xml:34:18-74
55
56        <activity
56-->Java/AerisDemo/AndroidManifest.xml:37:9-39:55
57            android:name="com.xweather.sdkdemo.java.demoaerisproject.MyLocsActivity"
57-->Java/AerisDemo/AndroidManifest.xml:38:13-43
58            android:label="@string/activity_my_locs" />
58-->Java/AerisDemo/AndroidManifest.xml:39:13-53
59        <activity
59-->Java/AerisDemo/AndroidManifest.xml:41:9-43:54
60            android:name="com.xweather.sdkdemo.java.demoaerisproject.LocationSearchActivity"
60-->Java/AerisDemo/AndroidManifest.xml:42:13-51
61            android:label="@string/activity_search" />
61-->Java/AerisDemo/AndroidManifest.xml:43:13-52
62        <activity
62-->Java/AerisDemo/AndroidManifest.xml:45:9-48:20
63            android:name="com.xweather.sdkdemo.java.demoaerisproject.SettingsActivity"
63-->Java/AerisDemo/AndroidManifest.xml:46:13-45
64            android:label="@string/app_name" >
64-->Java/AerisDemo/AndroidManifest.xml:47:13-45
65        </activity>
66        <activity
66-->Java/AerisDemo/AndroidManifest.xml:50:9-60:20
67            android:name="com.xweather.sdkdemo.java.demoaerisproject.DrawerActivity"
67-->Java/AerisDemo/AndroidManifest.xml:51:13-43
68            android:exported="true"
68-->Java/AerisDemo/AndroidManifest.xml:53:13-36
69            android:label="@string/app_name"
69-->Java/AerisDemo/AndroidManifest.xml:52:13-45
70            android:launchMode="singleInstance" >
70-->Java/AerisDemo/AndroidManifest.xml:54:13-48
71            <intent-filter>
71-->Java/AerisDemo/AndroidManifest.xml:55:13-59:29
72                <action android:name="android.intent.action.MAIN" />
72-->Java/AerisDemo/AndroidManifest.xml:56:17-68
72-->Java/AerisDemo/AndroidManifest.xml:56:25-66
73
74                <category android:name="android.intent.category.LAUNCHER" />
74-->Java/AerisDemo/AndroidManifest.xml:58:17-76
74-->Java/AerisDemo/AndroidManifest.xml:58:27-74
75            </intent-filter>
76        </activity>
77        <activity android:name="com.xweather.sdkdemo.java.demoaerisproject.MapOptionsLocalActivity" />
77-->Java/AerisDemo/AndroidManifest.xml:62:9-70
77-->Java/AerisDemo/AndroidManifest.xml:62:19-58
78
79        <!-- Needs to be explicitly declared on P+ -->
80        <uses-library
80-->[com.google.android.gms:play-services-maps:18.0.2] AndroidManifest.xml:39:9-41:40
81            android:name="org.apache.http.legacy"
81-->[com.google.android.gms:play-services-maps:18.0.2] AndroidManifest.xml:40:13-50
82            android:required="false" />
82-->[com.google.android.gms:play-services-maps:18.0.2] AndroidManifest.xml:41:13-37
83
84        <activity
84-->[com.google.android.gms:play-services-base:18.0.1] AndroidManifest.xml:20:9-22:45
85            android:name="com.google.android.gms.common.api.GoogleApiActivity"
85-->[com.google.android.gms:play-services-base:18.0.1] AndroidManifest.xml:20:19-85
86            android:exported="false"
86-->[com.google.android.gms:play-services-base:18.0.1] AndroidManifest.xml:22:19-43
87            android:theme="@android:style/Theme.Translucent.NoTitleBar" />
87-->[com.google.android.gms:play-services-base:18.0.1] AndroidManifest.xml:21:19-78
88
89        <meta-data
89-->[com.google.android.gms:play-services-basement:18.1.0] AndroidManifest.xml:21:9-23:69
90            android:name="com.google.android.gms.version"
90-->[com.google.android.gms:play-services-basement:18.1.0] AndroidManifest.xml:22:13-58
91            android:value="@integer/google_play_services_version" />
91-->[com.google.android.gms:play-services-basement:18.1.0] AndroidManifest.xml:23:13-66
92
93        <provider
93-->[androidx.emoji2:emoji2:1.0.0] AndroidManifest.xml:26:9-34:20
94            android:name="androidx.startup.InitializationProvider"
94-->[androidx.emoji2:emoji2:1.0.0] AndroidManifest.xml:27:13-67
95            android:authorities="com.xweather.sdkdemo.java.demoaerisproject.debug.androidx-startup"
95-->[androidx.emoji2:emoji2:1.0.0] AndroidManifest.xml:28:13-68
96            android:exported="false" >
96-->[androidx.emoji2:emoji2:1.0.0] AndroidManifest.xml:29:13-37
97            <meta-data
97-->[androidx.emoji2:emoji2:1.0.0] AndroidManifest.xml:31:13-33:52
98                android:name="androidx.emoji2.text.EmojiCompatInitializer"
98-->[androidx.emoji2:emoji2:1.0.0] AndroidManifest.xml:32:17-75
99                android:value="androidx.startup" />
99-->[androidx.emoji2:emoji2:1.0.0] AndroidManifest.xml:33:17-49
100            <meta-data
100-->[androidx.lifecycle:lifecycle-process:2.4.0] AndroidManifest.xml:31:13-33:52
101                android:name="androidx.lifecycle.ProcessLifecycleInitializer"
101-->[androidx.lifecycle:lifecycle-process:2.4.0] AndroidManifest.xml:32:17-78
102                android:value="androidx.startup" />
102-->[androidx.lifecycle:lifecycle-process:2.4.0] AndroidManifest.xml:33:17-49
103        </provider>
104    </application>
105
106</manifest>